#
# A fatal error has been detected by the Java Runtime Environment:
#
#  EXCEPTION_ACCESS_VIOLATION (0xc0000005) at pc=0x00007ffbcb3ebc8a, pid=12012, tid=12972
#
# JRE version: OpenJDK Runtime Environment Temurin-17.0.1+12 (17.0.1+12) (build 17.0.1+12)
# Java VM: OpenJDK 64-Bit Server VM Temurin-17.0.1+12 (17.0.1+12, mixed mode, emulated-client, tiered, compressed oops, compressed class ptrs, g1 gc, windows-amd64)
# Problematic frame:
# V  [jvm.dll+0x79bc8a]
#
# No core dump will be written. Minidumps are not enabled by default on client versions of Windows
#
# If you would like to submit a bug report, please visit:
#   https://github.com/adoptium/adoptium-support/issues
#

---------------  S U M M A R Y ------------

Command Line: -XX:+ShowCodeDetailsInExceptionMessages -agentlib:jdwp=transport=dt_socket,suspend=y,address=localhost:52371 -Dcom.sun.management.jmxremote -Dcom.sun.management.jmxremote.port=52370 -Dcom.sun.management.jmxremote.authenticate=false -Dcom.sun.management.jmxremote.ssl=false -Djava.rmi.server.hostname=localhost -Dspring.jmx.enabled=true -Dspring.application.admin.enabled=true -XX:TieredStopAtLevel=1 -Dspring.boot.project.name=ws-medisalud -javaagent:C:\Program Files\sts-4.13.0.RELEASE\configuration\org.eclipse.osgi\262\0\.cp\lib\javaagent-shaded.jar -Dfile.encoding=UTF-8 com.sidet.idat.ws.medisalud.WsMedisaludApplication --spring.output.ansi.enabled=always

Host: Intel(R) Core(TM) i5-7400 CPU @ 3.00GHz, 4 cores, 15G,  Windows 10 , 64 bit Build 19041 (10.0.19041.1741)
Time: Sat Jul  9 22:25:07 2022 Hora est. Pacífico, Sudamérica elapsed time: 527.150267 seconds (0d 0h 8m 47s)

---------------  T H R E A D  ---------------

Current thread (0x000001648c274810):  JavaThread "JDWP Transport Listener: dt_socket" daemon [_thread_in_vm, id=12972, stack(0x0000000216f00000,0x0000000217000000)]

Stack: [0x0000000216f00000,0x0000000217000000],  sp=0x0000000216fff5a0,  free space=1021k
Native frames: (J=compiled Java code, j=interpreted, Vv=VM code, C=native code)
V  [jvm.dll+0x79bc8a]
V  [jvm.dll+0x507e6c]
V  [jvm.dll+0x4cf4d4]
C  [jdwp.dll+0x22dff]


siginfo: EXCEPTION_ACCESS_VIOLATION (0xc0000005), reading address 0x0000000001ba01b8


Register to memory mapping:

RIP=0x00007ffbcb3ebc8a jvm.dll
RAX=0x00000000000001b9 is an unknown value
RBX=0x000001648c073200 points into unknown readable memory: 0x6176616a4c3a543c | 3c 54 3a 4c 6a 61 76 61
RCX=0x0000000001ba01b4 is an unknown value
RDX=0x0000016490cba410 points into unknown readable memory: 0x6469732f6d6f634c | 4c 63 6f 6d 2f 73 69 64
RSP=0x0000000216fff5a0 is pointing into the stack for thread: 0x000001648c274810
RBP=0x000001648c289a00 points into unknown readable memory: 0x0000000000000002 | 02 00 00 00 00 00 00 00
RSI=0x0 is NULL
RDI=0xffffffffffffffff is an unknown value
R8 =0x0000000000000092 is an unknown value
R9 =0x0000000000000040 is an unknown value
R10=0x0000000000000080 is an unknown value
R11=0x0000000216fff5c0 is pointing into the stack for thread: 0x000001648c274810
R12=0x0000000216fff6f8 is pointing into the stack for thread: 0x000001648c274810
R13=0x0 is NULL
R14=0x00000008007b3a00 is a pointer to class: 
com.sidet.idat.ws.medisalud.services.impl.PacienteServiceImpl {0x00000008007b3a08}
 - instance size:     4
 - klass size:        88
 - access:            public synchronized 
 - state:             fully_initialized
 - name:              'com/sidet/idat/ws/medisalud/services/impl/PacienteServiceImpl'
 - super:             'java/lang/Object'
 - sub:               'com/sidet/idat/ws/medisalud/services/impl/PacienteServiceImpl$$EnhancerBySpringCGLIB$$7287848e'   
 - arrays:            NULL
 - methods:           Array<T>(0x000001649223c000)
 - method ordering:   Array<T>(0x000001649223cea0)
 - default_methods:   Array<T>(0x0000000000000000)
 - local interfaces:  Array<T>(0x0000016492129050)
 - trans. interfaces: Array<T>(0x000001649212a188)
 - constants:         constant pool [492] {0x000001649223a008} for 'com/sidet/idat/ws/medisalud/services/impl/PacienteServiceImpl' cache=0x000001649223f1e0
 - class loader data:  loader data: 0x000001648cb0d380 for instance a 'org/springframework/boot/devtools/restart/classloader/RestartClassLoader'{0x0000000702c037e0}
 - source file:       'PacienteServiceImpl.java'
 - source debug extension:       SMAP
PacienteServiceImpl.java
Java
*S jdt
*F
1 PacienteServiceImpl.java
2 file:/D:/PROYECTO_MEDISALUD/BACKEND/target/classes/
*L
*E

 - class annotations:       Array<T>(0x000001649223ce58)
 - class type annotations:  Array<T>(0x0000000000000000)
 - field annotations:       Array<T>(0x0000016492233f00)
 - field type annotations:  Array<T>(0x0000000000000000)
 - generic signature: '
[error occurred during error reporting (printing register info), id 0xc0000005, EXCEPTION_ACCESS_VIOLATION (0xc0000005) at pc=0x00007ffbcb3ec896]

Registers:
RAX=0x00000000000001b9, RBX=0x000001648c073200, RCX=0x0000000001ba01b4, RDX=0x0000016490cba410
RSP=0x0000000216fff5a0, RBP=0x000001648c289a00, RSI=0x0000000000000000, RDI=0xffffffffffffffff
R8 =0x0000000000000092, R9 =0x0000000000000040, R10=0x0000000000000080, R11=0x0000000216fff5c0
R12=0x0000000216fff6f8, R13=0x0000000000000000, R14=0x00000008007b3a00, R15=0x0000000216fff720
RIP=0x00007ffbcb3ebc8a, EFLAGS=0x0000000000010206

Top of Stack: (sp=0x0000000216fff5a0)
0x0000000216fff5a0:   000000000000003d 00000008007b3a00
0x0000000216fff5b0:   0000016490b183d0 00007ffc2ef547b1
0x0000000216fff5c0:   ffffffffffffffff 00007ffbcb157e6c
0x0000000216fff5d0:   000001648c073200 000001648c0731c0
0x0000000216fff5e0:   000001648c289a00 0000000000000000
0x0000000216fff5f0:   000001648c073170 00000000000003d8
0x0000000216fff600:   000001648c073180 000001648c073558
0x0000000216fff610:   0000000000015b01 0000000216fff6f8
0x0000000216fff620:   0000000000000007 000001648c274ab8
0x0000000216fff630:   0000000702c7e488 00007ffbcb11f4d4
0x0000000216fff640:   000001648c274810 0000000216fff720
0x0000000216fff650:   00000164f75aede0 0000000216fff720
0x0000000216fff660:   000001648c274810 0000000000000000
0x0000000216fff670:   0000000000000000 0000000000000000
0x0000000216fff680:   000001648c276540 00007ffc14202dff
0x0000000216fff690:   0000000216fff718 00007ffc14211aa0 

Instructions: (pc=0x00007ffbcb3ebc8a)
0x00007ffbcb3ebb8a:   48 83 c4 20 5f e9 3c a2 90 ff cc cc cc cc cc cc
0x00007ffbcb3ebb9a:   cc cc cc cc cc cc 48 89 5c 24 08 57 48 83 ec 20
0x00007ffbcb3ebbaa:   83 fa 02 8d 42 06 b9 08 00 00 00 49 8b d8 0f 4e
0x00007ffbcb3ebbba:   c1 48 63 c8 48 83 c1 07 83 e1 f8 48 63 f9 49 8b
0x00007ffbcb3ebbca:   48 18 48 8b c7 48 f7 d0 48 3b c1 73 16 4c 8d 05
0x00007ffbcb3ebbda:   5a 55 17 00 48 8b d7 48 8b cb e8 47 05 91 ff 48
0x00007ffbcb3ebbea:   8b 4b 18 48 8d 04 39 48 3b 43 20 76 18 45 33 c0
0x00007ffbcb3ebbfa:   48 8b d7 48 8b cb 48 8b 5c 24 30 48 83 c4 20 5f
0x00007ffbcb3ebc0a:   e9 a1 01 91 ff 48 89 43 18 48 8b c1 48 8b 5c 24
0x00007ffbcb3ebc1a:   30 48 83 c4 20 5f c3 cc cc cc cc cc cc cc cc cc
0x00007ffbcb3ebc2a:   cc cc cc cc cc cc 4c 8b d2 4c 8b d9 45 85 c0 7e
0x00007ffbcb3ebc3a:   3c 44 0f b7 49 04 41 8d 40 ff 41 3b c1 44 0f 4c
0x00007ffbcb3ebc4a:   c8 4d 63 c1 45 85 c9 7e 1f 48 8b c2 4c 2b da 49
0x00007ffbcb3ebc5a:   8b d0 0f 1f 40 00 41 0f b6 4c 03 06 88 08 48 8d
0x00007ffbcb3ebc6a:   40 01 48 83 ea 01 75 ee 43 c6 04 10 00 49 8b c2
0x00007ffbcb3ebc7a:   c3 cc cc cc cc cc 48 89 5c 24 08 57 48 83 ec 20
0x00007ffbcb3ebc8a:   0f b7 59 04 48 8b f9 33 d2 48 8d 4b 01 e8 24 e8
0x00007ffbcb3ebc9a:   f2 ff 0f b7 57 04 4c 8b c0 3b da 0f 42 d3 44 8b
0x00007ffbcb3ebcaa:   ca 85 d2 74 39 48 2b f8 0f 1f 40 00 66 66 0f 1f
0x00007ffbcb3ebcba:   84 00 00 00 00 00 0f b6 4c 07 06 88 08 48 ff c0
0x00007ffbcb3ebcca:   48 8b c8 49 2b c8 49 3b c9 7c eb 42 c6 04 02 00
0x00007ffbcb3ebcda:   49 8b c0 48 8b 5c 24 30 48 83 c4 20 5f c3 48 8b
0x00007ffbcb3ebcea:   5c 24 30 c6 04 02 00 48 83 c4 20 5f c3 cc cc cc
0x00007ffbcb3ebcfa:   cc cc cc cc cc cc 4c 8b d1 45 85 c0 7e 6c 44 0f
0x00007ffbcb3ebd0a:   b7 49 04 41 8d 40 ff 41 3b c1 44 0f 4c c8 4d 63
0x00007ffbcb3ebd1a:   d9 45 85 c9 7e 22 48 8b ca 4c 2b d2 4d 8b c3 0f
0x00007ffbcb3ebd2a:   1f 80 00 00 00 00 41 0f b6 44 0a 06 88 01 48 8d
0x00007ffbcb3ebd3a:   49 01 49 83 e8 01 75 ee 41 c6 04 13 00 48 c7 c0
0x00007ffbcb3ebd4a:   ff ff ff ff 66 90 48 ff c0 80 3c 02 00 75 f7 48
0x00007ffbcb3ebd5a:   63 c8 85 c0 48 8b c2 7e 14 80 38 2f 75 03 c6 00
0x00007ffbcb3ebd6a:   2e 48 ff c0 48 83 e9 01 75 ef 48 8b c2 c3 cc cc
0x00007ffbcb3ebd7a:   cc cc cc cc cc cc 48 83 ec 28 e8 f7 fe ff ff 4c 


Stack slot to memory mapping:
stack at sp + 0 slots: 0x000000000000003d is an unknown value
stack at sp + 1 slots: 0x00000008007b3a00 is a pointer to class: 
com.sidet.idat.ws.medisalud.services.impl.PacienteServiceImpl {0x00000008007b3a08}
 - instance size:     4
 - klass size:        88
 - access:            public synchronized 
 - state:             fully_initialized
 - name:              'com/sidet/idat/ws/medisalud/services/impl/PacienteServiceImpl'
 - super:             'java/lang/Object'
 - sub:               'com/sidet/idat/ws/medisalud/services/impl/PacienteServiceImpl$$EnhancerBySpringCGLIB$$7287848e'   
 - arrays:            NULL
 - methods:           Array<T>(0x000001649223c000)
 - method ordering:   Array<T>(0x000001649223cea0)
 - default_methods:   Array<T>(0x0000000000000000)
 - local interfaces:  Array<T>(0x0000016492129050)
 - trans. interfaces: Array<T>(0x000001649212a188)
 - constants:         constant pool [492] {0x000001649223a008} for 'com/sidet/idat/ws/medisalud/services/impl/PacienteServiceImpl' cache=0x000001649223f1e0
 - class loader data:  loader data: 0x000001648cb0d380 for instance a 'org/springframework/boot/devtools/restart/classloader/RestartClassLoader'{0x0000000702c037e0}
 - source file:       'PacienteServiceImpl.java'
 - source debug extension:       SMAP
PacienteServiceImpl.java
Java
*S jdt
*F
1 PacienteServiceImpl.java
2 file:/D:/PROYECTO_MEDISALUD/BACKEND/target/classes/
*L
*E

 - class annotations:       Array<T>(0x000001649223ce58)
 - class type annotations:  Array<T>(0x0000000000000000)
 - field annotations:       Array<T>(0x0000016492233f00)
 - field type annotations:  Array<T>(0x0000000000000000)
 - generic signature: '
[error occurred during error reporting (inspecting top of stack), id 0xc0000005, EXCEPTION_ACCESS_VIOLATION (0xc0000005) at pc=0x00007ffbcb3ec896]


---------------  P R O C E S S  ---------------

Threads class SMR info:
_java_thread_list=0x00000164909b1030, length=28, elements={
0x000001648c02c020, 0x000001648c02d430, 0x00000164fff48b40, 0x00000164fff497b0,
0x00000164fff4b910, 0x00000164fff4e7b0, 0x000001648c055060, 0x000001648c056100,
0x00000164ffed7f10, 0x000001648c274810, 0x000001648c29a570, 0x000001648c29aa60,
0x000001648cad4650, 0x000001648cc96010, 0x000001648cc9cf60, 0x000001648ccbfe60,
0x000001648dce1f50, 0x000001648dd02ea0, 0x000001648dd03d10, 0x000001648dd046b0,
0x0000016490873600, 0x00000164908757b0, 0x0000016490877490, 0x0000016490879b10,
0x0000016490873fa0, 0x0000016490874470, 0x0000016490874940, 0x0000016490878300
}

Java Threads: ( => current thread )
  0x000001648c02c020 JavaThread "Reference Handler" daemon [_thread_blocked, id=9796, stack(0x0000000216400000,0x0000000216500000)]
  0x000001648c02d430 JavaThread "Finalizer" daemon [_thread_blocked, id=5564, stack(0x0000000216500000,0x0000000216600000)]
  0x00000164fff48b40 JavaThread "Signal Dispatcher" daemon [_thread_blocked, id=11584, stack(0x0000000216600000,0x0000000216700000)]
  0x00000164fff497b0 JavaThread "Attach Listener" daemon [_thread_blocked, id=12184, stack(0x0000000216700000,0x0000000216800000)]
  0x00000164fff4b910 JavaThread "Service Thread" daemon [_thread_blocked, id=13248, stack(0x0000000216800000,0x0000000216900000)]
  0x00000164fff4e7b0 JavaThread "Monitor Deflation Thread" daemon [_thread_blocked, id=9504, stack(0x0000000216900000,0x0000000216a00000)]
  0x000001648c055060 JavaThread "C1 CompilerThread0" daemon [_thread_blocked, id=5816, stack(0x0000000216a00000,0x0000000216b00000)]
  0x000001648c056100 JavaThread "Sweeper thread" daemon [_thread_blocked, id=7192, stack(0x0000000216b00000,0x0000000216c00000)]
  0x00000164ffed7f10 JavaThread "Common-Cleaner" daemon [_thread_blocked, id=13076, stack(0x0000000216c00000,0x0000000216d00000)]
=>0x000001648c274810 JavaThread "JDWP Transport Listener: dt_socket" daemon [_thread_in_vm, id=12972, stack(0x0000000216f00000,0x0000000217000000)]
  0x000001648c29a570 JavaThread "JDWP Event Helper Thread" daemon [_thread_blocked, id=12956, stack(0x0000000217000000,0x0000000217100000)]
  0x000001648c29aa60 JavaThread "JDWP Command Reader" daemon [_thread_in_native, id=3984, stack(0x0000000217100000,0x0000000217200000)]
  0x000001648cad4650 JavaThread "Notification Thread" daemon [_thread_blocked, id=8196, stack(0x0000000217200000,0x0000000217300000)]
  0x000001648cc96010 JavaThread "RMI TCP Accept-0" daemon [_thread_in_native, id=12552, stack(0x0000000217700000,0x0000000217800000)]
  0x000001648cc9cf60 JavaThread "RMI TCP Accept-52370" daemon [_thread_in_native, id=9304, stack(0x0000000217800000,0x0000000217900000)]
  0x000001648ccbfe60 JavaThread "RMI TCP Accept-0" daemon [_thread_in_native, id=6040, stack(0x0000000217900000,0x0000000217a00000)]
  0x000001648dce1f50 JavaThread "RMI Scheduler(0)" daemon [_thread_blocked, id=11716, stack(0x0000000217d00000,0x0000000217e00000)]
  0x000001648dd02ea0 JavaThread "JMX server connection timeout 27" daemon [_thread_blocked, id=12452, stack(0x0000000218000000,0x0000000218100000)]
  0x000001648dd03d10 JavaThread "mysql-cj-abandoned-connection-cleanup" daemon [_thread_blocked, id=2576, stack(0x0000000218400000,0x0000000218500000)]
  0x000001648dd046b0 JavaThread "Live Reload Server" daemon [_thread_in_native, id=12700, stack(0x0000000218700000,0x0000000218800000)]
  0x0000016490873600 JavaThread "DestroyJavaVM" [_thread_blocked, id=2212, stack(0x0000000215c00000,0x0000000215d00000)]
  0x00000164908757b0 JavaThread "RMI TCP Connection(idle)" daemon [_thread_blocked, id=8840, stack(0x0000000218500000,0x0000000218600000)]
  0x0000016490877490 JavaThread "Catalina-utility-1" [_thread_blocked, id=8288, stack(0x0000000216e00000,0x0000000216f00000)]
  0x0000016490879b10 JavaThread "Catalina-utility-2" [_thread_blocked, id=11128, stack(0x0000000217b00000,0x0000000217c00000)]
  0x0000016490873fa0 JavaThread "container-0" [_thread_blocked, id=12572, stack(0x0000000217c00000,0x0000000217d00000)]
  0x0000016490874470 JavaThread "File Watcher" daemon [_thread_blocked, id=11448, stack(0x0000000218100000,0x0000000218200000)]
  0x0000016490874940 JavaThread "http-nio-9094-Poller" daemon [_thread_in_native, id=12272, stack(0x0000000218200000,0x0000000218300000)]
  0x0000016490878300 JavaThread "http-nio-9094-Acceptor" daemon [_thread_in_native, id=11408, stack(0x0000000218300000,0x0000000218400000)]

Other Threads:
  0x000001648c016960 VMThread "VM Thread" [stack: 0x0000000216300000,0x0000000216400000] [id=12240]
  0x000001648ccc0d50 WatcherThread [stack: 0x0000000217a00000,0x0000000217b00000] [id=7384]
  0x00000164f95e82f0 GCTaskThread "GC Thread#0" [stack: 0x0000000215e00000,0x0000000215f00000] [id=11400]
  0x000001648cc42a50 GCTaskThread "GC Thread#1" [stack: 0x0000000217300000,0x0000000217400000] [id=12556]
  0x000001648cc42d00 GCTaskThread "GC Thread#2" [stack: 0x0000000217400000,0x0000000217500000] [id=12944]
  0x000001648cc42fb0 GCTaskThread "GC Thread#3" [stack: 0x0000000217500000,0x0000000217600000] [id=10836]
  0x00000164f95f9890 ConcurrentGCThread "G1 Main Marker" [stack: 0x0000000215f00000,0x0000000216000000] [id=7424]
  0x00000164f95fa2a0 ConcurrentGCThread "G1 Conc#0" [stack: 0x0000000216000000,0x0000000216100000] [id=12680]
  0x00000164f965cf70 ConcurrentGCThread "G1 Refine#0" [stack: 0x0000000216100000,0x0000000216200000] [id=9688]
  0x000001648cc618f0 ConcurrentGCThread "G1 Refine#1" [stack: 0x0000000217600000,0x0000000217700000] [id=10360]
  0x00000164f965f8a0 ConcurrentGCThread "G1 Service" [stack: 0x0000000216200000,0x0000000216300000] [id=4644]

Threads with active compile tasks:

VM state: not at safepoint (normal execution)

VM Mutex/Monitor currently owned by a thread: None

Heap address: 0x0000000701400000, size: 4076 MB, Compressed Oops mode: Zero based, Oop shift amount: 3

CDS archive(s) not mapped
Compressed class space mapped at: 0x0000000800000000-0x0000000840000000, reserved size: 1073741824
Narrow klass base: 0x0000000800000000, Narrow klass shift: 0, Narrow klass range: 0x40000000

GC Precious Log:
 CPUs: 4 total, 4 available
 Memory: 16298M
 Large Page Support: Disabled
 NUMA Support: Disabled
 Compressed Oops: Enabled (Zero based)
 Heap Region Size: 2M
 Heap Min Capacity: 8M
 Heap Initial Capacity: 256M
 Heap Max Capacity: 4076M
 Pre-touch: Disabled
 Parallel Workers: 4
 Concurrent Workers: 1
 Concurrent Refinement Workers: 4
 Periodic GC: Disabled

Heap:
 garbage-first heap   total 83968K, used 33302K [0x0000000701400000, 0x0000000800000000)
  region size 2048K, 4 young (8192K), 1 survivors (2048K)
 Metaspace       used 63000K, committed 63552K, reserved 1105920K
  class space    used 7787K, committed 8064K, reserved 1048576K

Heap Regions: E=young(eden), S=young(survivor), O=old, HS=humongous(starts), HC=humongous(continues), CS=collection set, F=free, OA=open archive, CA=closed archive, TAMS=top-at-mark-start (previous, next)
|   0|0x0000000701400000, 0x0000000701600000, 0x0000000701600000|100%| O|  |TAMS 0x0000000701600000, 0x0000000701400000| Untracked 
|   1|0x0000000701600000, 0x00000007017ffff0, 0x0000000701800000| 99%| O|  |TAMS 0x00000007017ffff0, 0x0000000701600000| Untracked 
|   2|0x0000000701800000, 0x0000000701a00000, 0x0000000701a00000|100%| O|  |TAMS 0x0000000701a00000, 0x0000000701800000| Untracked 
|   3|0x0000000701a00000, 0x0000000701c00000, 0x0000000701c00000|100%| O|  |TAMS 0x0000000701c00000, 0x0000000701a00000| Untracked 
|   4|0x0000000701c00000, 0x0000000701dff6a0, 0x0000000701e00000| 99%| O|  |TAMS 0x0000000701dff6a0, 0x0000000701c00000| Untracked 
|   5|0x0000000701e00000, 0x0000000701fffff0, 0x0000000702000000| 99%| O|  |TAMS 0x0000000701fffff0, 0x0000000701e00000| Untracked 
|   6|0x0000000702000000, 0x00000007021ffff0, 0x0000000702200000| 99%| O|  |TAMS 0x00000007021ffff0, 0x0000000702000000| Untracked 
|   7|0x0000000702200000, 0x0000000702400000, 0x0000000702400000|100%| O|  |TAMS 0x0000000702200000, 0x0000000702200000| Untracked 
|   8|0x0000000702400000, 0x00000007025ffff8, 0x0000000702600000| 99%| O|  |TAMS 0x0000000702400000, 0x0000000702400000| Untracked 
|   9|0x0000000702600000, 0x00000007027ffff8, 0x0000000702800000| 99%| O|  |TAMS 0x0000000702600000, 0x0000000702600000| Untracked 
|  10|0x0000000702800000, 0x000000070284bb18, 0x0000000702a00000| 14%| O|  |TAMS 0x0000000702800000, 0x0000000702800000| Untracked 
|  11|0x0000000702a00000, 0x0000000702b3f740, 0x0000000702c00000| 62%| O|  |TAMS 0x0000000702a00000, 0x0000000702a00000| Untracked 
|  12|0x0000000702c00000, 0x0000000702e00000, 0x0000000702e00000|100%| O|  |TAMS 0x0000000702c00000, 0x0000000702c00000| Untracked 
|  13|0x0000000702e00000, 0x0000000703000000, 0x0000000703000000|100%| O|  |TAMS 0x0000000702e00000, 0x0000000702e00000| Untracked 
|  14|0x0000000703000000, 0x00000007030fb000, 0x0000000703200000| 49%| O|  |TAMS 0x0000000703000000, 0x0000000703000000| Untracked 
|  15|0x0000000703200000, 0x0000000703200000, 0x0000000703400000|  0%| F|  |TAMS 0x0000000703200000, 0x0000000703200000| Untracked 
|  16|0x0000000703400000, 0x0000000703400000, 0x0000000703600000|  0%| F|  |TAMS 0x0000000703400000, 0x0000000703400000| Untracked 
|  17|0x0000000703600000, 0x0000000703600000, 0x0000000703800000|  0%| F|  |TAMS 0x0000000703600000, 0x0000000703600000| Untracked 
|  18|0x0000000703800000, 0x0000000703800000, 0x0000000703a00000|  0%| F|  |TAMS 0x0000000703800000, 0x0000000703800000| Untracked 
|  19|0x0000000703a00000, 0x0000000703a00000, 0x0000000703c00000|  0%| F|  |TAMS 0x0000000703a00000, 0x0000000703a00000| Untracked 
|  20|0x0000000703c00000, 0x0000000703c00000, 0x0000000703e00000|  0%| F|  |TAMS 0x0000000703c00000, 0x0000000703c00000| Untracked 
|  21|0x0000000703e00000, 0x0000000703e00000, 0x0000000704000000|  0%| F|  |TAMS 0x0000000703e00000, 0x0000000703e00000| Untracked 
|  22|0x0000000704000000, 0x0000000704000000, 0x0000000704200000|  0%| F|  |TAMS 0x0000000704000000, 0x0000000704000000| Untracked 
|  23|0x0000000704200000, 0x0000000704200000, 0x0000000704400000|  0%| F|  |TAMS 0x0000000704200000, 0x0000000704200000| Untracked 
|  24|0x0000000704400000, 0x0000000704600000, 0x0000000704600000|100%| S|CS|TAMS 0x0000000704400000, 0x0000000704400000| Complete 
|  25|0x0000000704600000, 0x0000000704600000, 0x0000000704800000|  0%| F|  |TAMS 0x0000000704600000, 0x0000000704600000| Untracked 
|  26|0x0000000704800000, 0x0000000704800000, 0x0000000704a00000|  0%| F|  |TAMS 0x0000000704800000, 0x0000000704800000| Untracked 
|  27|0x0000000704a00000, 0x0000000704a00000, 0x0000000704c00000|  0%| F|  |TAMS 0x0000000704a00000, 0x0000000704a00000| Untracked 
|  28|0x0000000704c00000, 0x0000000704c00000, 0x0000000704e00000|  0%| F|  |TAMS 0x0000000704c00000, 0x0000000704c00000| Untracked 
|  29|0x0000000704e00000, 0x0000000704e00000, 0x0000000705000000|  0%| F|  |TAMS 0x0000000704e00000, 0x0000000704e00000| Untracked 
|  30|0x0000000705000000, 0x0000000705000000, 0x0000000705200000|  0%| F|  |TAMS 0x0000000705000000, 0x0000000705000000| Untracked 
|  31|0x0000000705200000, 0x0000000705200000, 0x0000000705400000|  0%| F|  |TAMS 0x0000000705200000, 0x0000000705200000| Untracked 
|  32|0x0000000705400000, 0x0000000705400000, 0x0000000705600000|  0%| F|  |TAMS 0x0000000705400000, 0x0000000705400000| Untracked 
|  33|0x0000000705600000, 0x0000000705600000, 0x0000000705800000|  0%| F|  |TAMS 0x0000000705600000, 0x0000000705600000| Untracked 
|  34|0x0000000705800000, 0x0000000705800000, 0x0000000705a00000|  0%| F|  |TAMS 0x0000000705800000, 0x0000000705800000| Untracked 
|  35|0x0000000705a00000, 0x0000000705a00000, 0x0000000705c00000|  0%| F|  |TAMS 0x0000000705a00000, 0x0000000705a00000| Untracked 
|  36|0x0000000705c00000, 0x0000000705c00000, 0x0000000705e00000|  0%| F|  |TAMS 0x0000000705c00000, 0x0000000705c00000| Untracked 
|  37|0x0000000705e00000, 0x0000000705e00000, 0x0000000706000000|  0%| F|  |TAMS 0x0000000705e00000, 0x0000000705e00000| Untracked 
|  38|0x0000000706000000, 0x00000007061eb4e0, 0x0000000706200000| 95%| E|  |TAMS 0x0000000706000000, 0x0000000706000000| Complete 
|  39|0x0000000706200000, 0x0000000706400000, 0x0000000706400000|100%| E|CS|TAMS 0x0000000706200000, 0x0000000706200000| Complete 
|  40|0x0000000706400000, 0x0000000706600000, 0x0000000706600000|100%| E|CS|TAMS 0x0000000706400000, 0x0000000706400000| Complete 

Card table byte_map: [0x0000016480800000,0x0000016481000000] _byte_map_base: 0x000001647cff6000

Marking Bits (Prev, Next): (CMBitMap*) 0x00000164f95e8900, (CMBitMap*) 0x00000164f95e8940
 Prev Bits: [0x0000016481800000, 0x00000164857b0000)
 Next Bits: [0x00000164857b0000, 0x0000016489760000)

Polling page: 0x00000164f7430000

Metaspace:

Usage:
  Non-class:     53.92 MB used.
      Class:      7.61 MB used.
       Both:     61.52 MB used.

Virtual space:
  Non-class space:       56.00 MB reserved,      54.19 MB ( 97%) committed,  7 nodes.
      Class space:        1.00 GB reserved,       7.88 MB ( <1%) committed,  1 nodes.
             Both:        1.05 GB reserved,      62.06 MB (  6%) committed. 

Chunk freelists:
   Non-Class:  1.69 MB
       Class:  183.00 KB
        Both:  1.87 MB

MaxMetaspaceSize: unlimited
CompressedClassSpaceSize: 1.00 GB
Initial GC threshold: 21.00 MB
Current GC threshold: 100.94 MB
CDS: off
MetaspaceReclaimPolicy: balanced
 - commit_granule_bytes: 65536.
 - commit_granule_words: 8192.
 - virtual_space_node_default_size: 1048576.
 - enlarge_chunks_in_place: 1.
 - new_chunks_are_fully_committed: 0.
 - uncommit_free_chunks: 1.
 - use_allocation_guard: 0.
 - handle_deallocations: 1.


Internal statistics:

num_allocs_failed_limit: 6.
num_arena_births: 1046.
num_arena_deaths: 258.
num_vsnodes_births: 8.
num_vsnodes_deaths: 0.
num_space_committed: 993.
num_space_uncommitted: 0.
num_chunks_returned_to_freelist: 353.
num_chunks_taken_from_freelist: 3319.
num_chunk_merges: 97.
num_chunk_splits: 1903.
num_chunks_enlarged: 1161.
num_purges: 8.
num_inconsistent_stats: 0.

CodeCache: size=49152Kb used=16471Kb max_used=17558Kb free=32680Kb
 bounds [0x00000164fcc40000, 0x00000164fdd70000, 0x00000164ffc40000]
 total_blobs=8783 nmethods=8186 adapters=523
 compilation: enabled
              stopped_count=0, restarted_count=0
 full_count=0

Compilation events (20 events):
Event: 405.596 Thread 0x000001648c055060 8177       1       java.io.ObjectInputStream$FieldValues::defaultCheckFieldValues (20 bytes)
Event: 405.596 Thread 0x000001648c055060 nmethod 8177 0x00000164fdb5c090 code [0x00000164fdb5c220, 0x00000164fdb5c368]
Event: 438.682 Thread 0x000001648c055060 8178       1       java.lang.StringLatin1::toBytes (9 bytes)
Event: 438.682 Thread 0x000001648c055060 nmethod 8178 0x00000164fdb5bd10 code [0x00000164fdb5bea0, 0x00000164fdb5bff8]
Event: 438.682 Thread 0x000001648c055060 8180       1       java.io.ObjectStreamClass$FieldReflector::setPrimFieldValues (329 bytes)
Event: 438.683 Thread 0x000001648c055060 nmethod 8180 0x00000164fdb5b010 code [0x00000164fdb5b220, 0x00000164fdb5b818]
Event: 438.683 Thread 0x000001648c055060 8179       1       java.lang.String::valueOf (39 bytes)
Event: 438.683 Thread 0x000001648c055060 nmethod 8179 0x00000164fdb5a990 code [0x00000164fdb5ab40, 0x00000164fdb5af18]
Event: 443.245 Thread 0x000001648c055060 8181       1       org.apache.catalina.core.StandardContext::getInstanceManager (5 bytes)
Event: 443.245 Thread 0x000001648c055060 nmethod 8181 0x00000164fdb5a690 code [0x00000164fdb5a820, 0x00000164fdb5a8f8]
Event: 453.245 Thread 0x000001648c055060 8182       1       org.apache.catalina.core.ContainerBase::getBackgroundProcessorDelay (5 bytes)
Event: 453.246 Thread 0x000001648c055060 nmethod 8182 0x00000164fdb5a390 code [0x00000164fdb5a520, 0x00000164fdb5a5f8]
Event: 453.246 Thread 0x000001648c055060 8183       1       org.apache.catalina.valves.ValveBase::backgroundProcess (1 bytes)
Event: 453.246 Thread 0x000001648c055060 nmethod 8183 0x00000164fdb5a090 code [0x00000164fdb5a220, 0x00000164fdb5a2d8]
Event: 481.132 Thread 0x000001648c055060 8184       1       java.net.InetSocketAddress$InetSocketAddressHolder::getPort (5 bytes)
Event: 481.132 Thread 0x000001648c055060 nmethod 8184 0x00000164fdb59d90 code [0x00000164fdb59f20, 0x00000164fdb59ff8]
Event: 481.133 Thread 0x000001648c055060 8185       1       java.net.Socket::getImpl (17 bytes)
Event: 481.133 Thread 0x000001648c055060 nmethod 8185 0x00000164fdb59a10 code [0x00000164fdb59ba0, 0x00000164fdb59ca8]
Event: 523.309 Thread 0x000001648c055060 8186       1       org.apache.catalina.mapper.MapperListener::lifecycleEvent (178 bytes)
Event: 523.310 Thread 0x000001648c055060 nmethod 8186 0x00000164fdb58a90 code [0x00000164fdb58d00, 0x00000164fdb595d8]

GC Heap History (20 events):
Event: 396.435 GC heap before
{Heap before GC invocations=30 (full 3):
 garbage-first heap   total 69632K, used 52112K [0x0000000701400000, 0x0000000800000000)
  region size 2048K, 15 young (30720K), 0 survivors (0K)
 Metaspace       used 60263K, committed 60864K, reserved 1105920K
  class space    used 7525K, committed 7808K, reserved 1048576K
}
Event: 396.437 GC heap after
{Heap after GC invocations=31 (full 3):
 garbage-first heap   total 69632K, used 24088K [0x0000000701400000, 0x0000000800000000)
  region size 2048K, 2 young (4096K), 2 survivors (4096K)
 Metaspace       used 60263K, committed 60864K, reserved 1105920K
  class space    used 7525K, committed 7808K, reserved 1048576K
}
Event: 396.658 GC heap before
{Heap before GC invocations=31 (full 3):
 garbage-first heap   total 69632K, used 52760K [0x0000000701400000, 0x0000000800000000)
  region size 2048K, 16 young (32768K), 2 survivors (4096K)
 Metaspace       used 60485K, committed 61056K, reserved 1105920K
  class space    used 7550K, committed 7808K, reserved 1048576K
}
Event: 396.660 GC heap after
{Heap after GC invocations=32 (full 3):
 garbage-first heap   total 69632K, used 25379K [0x0000000701400000, 0x0000000800000000)
  region size 2048K, 1 young (2048K), 1 survivors (2048K)
 Metaspace       used 60485K, committed 61056K, reserved 1105920K
  class space    used 7550K, committed 7808K, reserved 1048576K
}
Event: 396.824 GC heap before
{Heap before GC invocations=32 (full 3):
 garbage-first heap   total 69632K, used 49955K [0x0000000701400000, 0x0000000800000000)
  region size 2048K, 14 young (28672K), 1 survivors (2048K)
 Metaspace       used 61257K, committed 61824K, reserved 1105920K
  class space    used 7611K, committed 7872K, reserved 1048576K
}
Event: 396.827 GC heap after
{Heap after GC invocations=33 (full 3):
 garbage-first heap   total 69632K, used 27078K [0x0000000701400000, 0x0000000800000000)
  region size 2048K, 2 young (4096K), 2 survivors (4096K)
 Metaspace       used 61257K, committed 61824K, reserved 1105920K
  class space    used 7611K, committed 7872K, reserved 1048576K
}
Event: 397.016 GC heap before
{Heap before GC invocations=33 (full 3):
 garbage-first heap   total 69632K, used 51654K [0x0000000701400000, 0x0000000800000000)
  region size 2048K, 14 young (28672K), 2 survivors (4096K)
 Metaspace       used 61378K, committed 61952K, reserved 1105920K
  class space    used 7621K, committed 7872K, reserved 1048576K
}
Event: 397.020 GC heap after
{Heap after GC invocations=34 (full 3):
 garbage-first heap   total 69632K, used 28829K [0x0000000701400000, 0x0000000800000000)
  region size 2048K, 2 young (4096K), 2 survivors (4096K)
 Metaspace       used 61378K, committed 61952K, reserved 1105920K
  class space    used 7621K, committed 7872K, reserved 1048576K
}
Event: 402.722 GC heap before
{Heap before GC invocations=34 (full 3):
 garbage-first heap   total 69632K, used 34973K [0x0000000701400000, 0x0000000800000000)
  region size 2048K, 6 young (12288K), 2 survivors (4096K)
 Metaspace       used 61462K, committed 62016K, reserved 1105920K
  class space    used 7627K, committed 7872K, reserved 1048576K
}
Event: 402.760 GC heap after
{Heap after GC invocations=35 (full 4):
 garbage-first heap   total 69632K, used 22058K [0x0000000701400000, 0x0000000800000000)
  region size 2048K, 0 young (0K), 0 survivors (0K)
 Metaspace       used 61410K, committed 62016K, reserved 1105920K
  class space    used 7619K, committed 7872K, reserved 1048576K
}
Event: 403.040 GC heap before
{Heap before GC invocations=35 (full 4):
 garbage-first heap   total 69632K, used 50730K [0x0000000701400000, 0x0000000800000000)
  region size 2048K, 14 young (28672K), 0 survivors (0K)
 Metaspace       used 61774K, committed 62336K, reserved 1105920K
  class space    used 7687K, committed 7936K, reserved 1048576K
}
Event: 403.042 GC heap after
{Heap after GC invocations=36 (full 4):
 garbage-first heap   total 69632K, used 24938K [0x0000000701400000, 0x0000000800000000)
  region size 2048K, 2 young (4096K), 2 survivors (4096K)
 Metaspace       used 61774K, committed 62336K, reserved 1105920K
  class space    used 7687K, committed 7936K, reserved 1048576K
}
Event: 403.251 GC heap before
{Heap before GC invocations=36 (full 4):
 garbage-first heap   total 69632K, used 51562K [0x0000000701400000, 0x0000000800000000)
  region size 2048K, 15 young (30720K), 2 survivors (4096K)
 Metaspace       used 61865K, committed 62400K, reserved 1105920K
  class space    used 7703K, committed 7936K, reserved 1048576K
}
Event: 403.255 GC heap after
{Heap after GC invocations=37 (full 4):
 garbage-first heap   total 69632K, used 25994K [0x0000000701400000, 0x0000000800000000)
  region size 2048K, 1 young (2048K), 1 survivors (2048K)
 Metaspace       used 61865K, committed 62400K, reserved 1105920K
  class space    used 7703K, committed 7936K, reserved 1048576K
}
Event: 403.404 GC heap before
{Heap before GC invocations=37 (full 4):
 garbage-first heap   total 69632K, used 50570K [0x0000000701400000, 0x0000000800000000)
  region size 2048K, 14 young (28672K), 1 survivors (2048K)
 Metaspace       used 62644K, committed 63168K, reserved 1105920K
  class space    used 7765K, committed 8000K, reserved 1048576K
}
Event: 403.407 GC heap after
{Heap after GC invocations=38 (full 4):
 garbage-first heap   total 69632K, used 27380K [0x0000000701400000, 0x0000000800000000)
  region size 2048K, 2 young (4096K), 2 survivors (4096K)
 Metaspace       used 62644K, committed 63168K, reserved 1105920K
  class space    used 7765K, committed 8000K, reserved 1048576K
}
Event: 403.612 GC heap before
{Heap before GC invocations=38 (full 4):
 garbage-first heap   total 69632K, used 51956K [0x0000000701400000, 0x0000000800000000)
  region size 2048K, 14 young (28672K), 2 survivors (4096K)
 Metaspace       used 62906K, committed 63488K, reserved 1105920K
  class space    used 7786K, committed 8064K, reserved 1048576K
}
Event: 403.616 GC heap after
{Heap after GC invocations=39 (full 4):
 garbage-first heap   total 83968K, used 29403K [0x0000000701400000, 0x0000000800000000)
  region size 2048K, 2 young (4096K), 2 survivors (4096K)
 Metaspace       used 62906K, committed 63488K, reserved 1105920K
  class space    used 7786K, committed 8064K, reserved 1048576K
}
Event: 504.036 GC heap before
{Heap before GC invocations=39 (full 4):
 garbage-first heap   total 83968K, used 62171K [0x0000000701400000, 0x0000000800000000)
  region size 2048K, 18 young (36864K), 2 survivors (4096K)
 Metaspace       used 62910K, committed 63488K, reserved 1105920K
  class space    used 7786K, committed 8064K, reserved 1048576K
}
Event: 504.040 GC heap after
{Heap after GC invocations=40 (full 4):
 garbage-first heap   total 83968K, used 29206K [0x0000000701400000, 0x0000000800000000)
  region size 2048K, 1 young (2048K), 1 survivors (2048K)
 Metaspace       used 62910K, committed 63488K, reserved 1105920K
  class space    used 7786K, committed 8064K, reserved 1048576K
}

Deoptimization events (20 events):
Event: 403.667 Thread 0x0000016490872c60 DEOPT PACKING pc=0x00000164fd699b0c sp=0x0000000215dfe010
Event: 403.667 Thread 0x0000016490872c60 DEOPT UNPACKING pc=0x00000164fcc92b43 sp=0x0000000215dfd578 mode 1
Event: 403.758 Thread 0x0000016490872c60 DEOPT PACKING pc=0x00000164fd351fb4 sp=0x0000000215dfd6f0
Event: 403.758 Thread 0x0000016490872c60 DEOPT UNPACKING pc=0x00000164fcc92b43 sp=0x0000000215dfcc28 mode 1
Event: 403.758 Thread 0x0000016490872c60 DEOPT PACKING pc=0x00000164fd35356c sp=0x0000000215dfd7e0
Event: 403.758 Thread 0x0000016490872c60 DEOPT UNPACKING pc=0x00000164fcc92b43 sp=0x0000000215dfcd78 mode 1
Event: 403.758 Thread 0x0000016490872c60 DEOPT PACKING pc=0x00000164fd35474c sp=0x0000000215dfd930
Event: 403.758 Thread 0x0000016490872c60 DEOPT UNPACKING pc=0x00000164fcc92b43 sp=0x0000000215dfcf00 mode 1
Event: 403.758 Thread 0x0000016490872c60 DEOPT PACKING pc=0x00000164fd351fb4 sp=0x0000000215dfda90
Event: 403.758 Thread 0x0000016490872c60 DEOPT UNPACKING pc=0x00000164fcc92b43 sp=0x0000000215dfcfc8 mode 1
Event: 403.758 Thread 0x0000016490872c60 DEOPT PACKING pc=0x00000164fd35356c sp=0x0000000215dfdb80
Event: 403.758 Thread 0x0000016490872c60 DEOPT UNPACKING pc=0x00000164fcc92b43 sp=0x0000000215dfd118 mode 1
Event: 403.758 Thread 0x0000016490872c60 DEOPT PACKING pc=0x00000164fd35474c sp=0x0000000215dfdcd0
Event: 403.758 Thread 0x0000016490872c60 DEOPT UNPACKING pc=0x00000164fcc92b43 sp=0x0000000215dfd2a0 mode 1
Event: 403.758 Thread 0x0000016490872c60 DEOPT PACKING pc=0x00000164fd351fb4 sp=0x0000000215dfd660
Event: 403.758 Thread 0x0000016490872c60 DEOPT UNPACKING pc=0x00000164fcc92b43 sp=0x0000000215dfcb98 mode 1
Event: 403.758 Thread 0x0000016490872c60 DEOPT PACKING pc=0x00000164fd35356c sp=0x0000000215dfd750
Event: 403.758 Thread 0x0000016490872c60 DEOPT UNPACKING pc=0x00000164fcc92b43 sp=0x0000000215dfcce8 mode 1
Event: 403.758 Thread 0x0000016490872c60 DEOPT PACKING pc=0x00000164fd35474c sp=0x0000000215dfd8a0
Event: 403.758 Thread 0x0000016490872c60 DEOPT UNPACKING pc=0x00000164fcc92b43 sp=0x0000000215dfce70 mode 1

Classes unloaded (20 events):
Event: 396.129 Thread 0x000001648c016960 Unloading class 0x0000000800770000 'jdk/internal/reflect/GeneratedSerializationConstructorAccessor59'
Event: 396.129 Thread 0x000001648c016960 Unloading class 0x000000080076dc00 'jdk/internal/reflect/GeneratedSerializationConstructorAccessor58'
Event: 396.129 Thread 0x000001648c016960 Unloading class 0x000000080076d800 'jdk/internal/reflect/GeneratedSerializationConstructorAccessor57'
Event: 396.129 Thread 0x000001648c016960 Unloading class 0x0000000800750000 'org/apache/catalina/loader/JdbcLeakPrevention'
Event: 402.737 Thread 0x000001648c016960 Unloading class 0x00000008007a6000 'jdk/internal/reflect/GeneratedSerializationConstructorAccessor86'
Event: 402.737 Thread 0x000001648c016960 Unloading class 0x00000008007a5800 'jdk/internal/reflect/GeneratedSerializationConstructorAccessor85'
Event: 402.737 Thread 0x000001648c016960 Unloading class 0x00000008007a5400 'jdk/internal/reflect/GeneratedSerializationConstructorAccessor84'
Event: 402.737 Thread 0x000001648c016960 Unloading class 0x00000008007a5000 'jdk/internal/reflect/GeneratedSerializationConstructorAccessor83'
Event: 402.737 Thread 0x000001648c016960 Unloading class 0x00000008007a4c00 'jdk/internal/reflect/GeneratedSerializationConstructorAccessor82'
Event: 402.737 Thread 0x000001648c016960 Unloading class 0x00000008007a4800 'jdk/internal/reflect/GeneratedSerializationConstructorAccessor81'
Event: 402.737 Thread 0x000001648c016960 Unloading class 0x00000008007a4400 'jdk/internal/reflect/GeneratedSerializationConstructorAccessor80'
Event: 402.737 Thread 0x000001648c016960 Unloading class 0x00000008007a4000 'jdk/internal/reflect/GeneratedSerializationConstructorAccessor79'
Event: 402.737 Thread 0x000001648c016960 Unloading class 0x000000080079dc00 'jdk/internal/reflect/GeneratedSerializationConstructorAccessor78'
Event: 402.737 Thread 0x000001648c016960 Unloading class 0x000000080079d800 'jdk/internal/reflect/GeneratedSerializationConstructorAccessor77'
Event: 402.737 Thread 0x000001648c016960 Unloading class 0x000000080079d400 'jdk/internal/reflect/GeneratedSerializationConstructorAccessor76'
Event: 402.737 Thread 0x000001648c016960 Unloading class 0x000000080079d000 'jdk/internal/reflect/GeneratedSerializationConstructorAccessor75'
Event: 402.737 Thread 0x000001648c016960 Unloading class 0x000000080079cc00 'jdk/internal/reflect/GeneratedSerializationConstructorAccessor74'
Event: 402.737 Thread 0x000001648c016960 Unloading class 0x000000080079c800 'jdk/internal/reflect/GeneratedSerializationConstructorAccessor73'
Event: 402.737 Thread 0x000001648c016960 Unloading class 0x000000080079c000 'jdk/internal/reflect/GeneratedSerializationConstructorAccessor72'
Event: 402.737 Thread 0x000001648c016960 Unloading class 0x000000080077b000 'org/apache/catalina/loader/JdbcLeakPrevention'

Classes redefined (15 events):
Event: 353.114 Thread 0x000001648c016960 redefined class name=com.sidet.idat.ws.medisalud.repository.PacienteRepository, count=1
Event: 359.076 Thread 0x000001648c016960 redefined class name=com.sidet.idat.ws.medisalud.repository.PacienteRepository, count=1
Event: 359.076 Thread 0x000001648c016960 redefined class name=com.sidet.idat.ws.medisalud.repository.PacienteRepository, count=2
Event: 394.910 Thread 0x000001648c016960 redefined class name=com.sidet.idat.ws.medisalud.repository.PacienteRepository, count=2
Event: 394.910 Thread 0x000001648c016960 redefined class name=com.sidet.idat.ws.medisalud.repository.PacienteRepository, count=3
Event: 394.910 Thread 0x000001648c016960 redefined class name=com.sidet.idat.ws.medisalud.repository.PacienteRepository, count=1
Event: 401.536 Thread 0x000001648c016960 redefined class name=com.sidet.idat.ws.medisalud.entity.Paciente, count=1
Event: 401.536 Thread 0x000001648c016960 redefined class name=com.sidet.idat.ws.medisalud.entity.Paciente, count=1
Event: 401.536 Thread 0x000001648c016960 redefined class name=com.sidet.idat.ws.medisalud.entity.Paciente, count=1
Event: 401.536 Thread 0x000001648c016960 redefined class name=com.sidet.idat.ws.medisalud.entity.Paciente, count=1
Event: 526.999 Thread 0x000001648c016960 redefined class name=com.sidet.idat.ws.medisalud.services.impl.PacienteServiceImpl, count=1
Event: 526.999 Thread 0x000001648c016960 redefined class name=com.sidet.idat.ws.medisalud.services.impl.PacienteServiceImpl, count=1
Event: 526.999 Thread 0x000001648c016960 redefined class name=com.sidet.idat.ws.medisalud.services.impl.PacienteServiceImpl, count=1
Event: 526.999 Thread 0x000001648c016960 redefined class name=com.sidet.idat.ws.medisalud.services.impl.PacienteServiceImpl, count=1
Event: 526.999 Thread 0x000001648c016960 redefined class name=com.sidet.idat.ws.medisalud.services.impl.PacienteServiceImpl, count=1

Internal exceptions (20 events):
Event: 403.132 Thread 0x0000016490872c60 Exception <a 'java/lang/NoClassDefFoundError'{0x0000000704ea2838}: liquibase/integration/spring/SpringLiquibase> (0x0000000704ea2838) 
thrown [e:\jenkins\tmp\workspace\build\src\src\hotspot\share\oops\constantPool.cpp, line 835]
Event: 403.148 Thread 0x0000016490872c60 Exception <a 'java/lang/NoClassDefFoundError'{0x0000000704c47b38}: org/jooq/DSLContext> (0x0000000704c47b38) 
thrown [e:\jenkins\tmp\workspace\build\src\src\hotspot\share\oops\constantPool.cpp, line 835]
Event: 403.148 Thread 0x0000016490872c60 Exception <a 'java/lang/NoClassDefFoundError'{0x0000000704c49088}: javax/persistence/EntityManagerFactory> (0x0000000704c49088) 
thrown [e:\jenkins\tmp\workspace\build\src\src\hotspot\share\oops\constantPool.cpp, line 835]
Event: 403.148 Thread 0x0000016490872c60 Exception <a 'java/lang/NoClassDefFoundError'{0x0000000704c496e8}: org/springframework/batch/core/repository/JobRepository> (0x0000000704c496e8) 
thrown [e:\jenkins\tmp\workspace\build\src\src\hotspot\share\oops\constantPool.cpp, line 835]
Event: 403.148 Thread 0x0000016490872c60 Exception <a 'java/lang/NoClassDefFoundError'{0x0000000704c49d30}: org/quartz/Scheduler> (0x0000000704c49d30) 
thrown [e:\jenkins\tmp\workspace\build\src\src\hotspot\share\oops\constantPool.cpp, line 835]
Event: 403.149 Thread 0x0000016490872c60 Exception <a 'java/lang/NoClassDefFoundError'{0x0000000704c4a3a0}: org/springframework/session/jdbc/JdbcIndexedSessionRepository> (0x0000000704c4a3a0) 
thrown [e:\jenkins\tmp\workspace\build\src\src\hotspot\share\oops\constantPool.cpp, line 835]
Event: 403.190 Thread 0x0000016490872c60 Exception <a 'sun/nio/fs/WindowsException'{0x00000007045180f0}> (0x00000007045180f0) 
thrown [e:\jenkins\tmp\workspace\build\src\src\hotspot\share\prims\jni.cpp, line 516]
Event: 403.190 Thread 0x0000016490872c60 Exception <a 'sun/nio/fs/WindowsException'{0x0000000704518800}> (0x0000000704518800) 
thrown [e:\jenkins\tmp\workspace\build\src\src\hotspot\share\prims\jni.cpp, line 516]
Event: 403.190 Thread 0x0000016490872c60 Exception <a 'sun/nio/fs/WindowsException'{0x0000000704518ef8}> (0x0000000704518ef8) 
thrown [e:\jenkins\tmp\workspace\build\src\src\hotspot\share\prims\jni.cpp, line 516]
Event: 403.198 Thread 0x0000016490872c60 Exception <a 'java/io/FileNotFoundException'{0x00000007045480f0}> (0x00000007045480f0) 
thrown [e:\jenkins\tmp\workspace\build\src\src\hotspot\share\prims\jni.cpp, line 516]
Event: 403.218 Thread 0x0000016490872c60 Exception <a 'java/io/FileNotFoundException'{0x000000070402de80}> (0x000000070402de80) 
thrown [e:\jenkins\tmp\workspace\build\src\src\hotspot\share\prims\jni.cpp, line 516]
Event: 403.223 Thread 0x0000016490872c60 Exception <a 'java/lang/ClassNotFoundException'{0x000000070409f998}: java/lang/ObjectCustomizer> (0x000000070409f998) 
thrown [e:\jenkins\tmp\workspace\build\src\src\hotspot\share\classfile\systemDictionary.cpp, line 256]
Event: 403.224 Thread 0x0000016490872c60 Exception <a 'java/lang/ClassNotFoundException'{0x00000007040a91b0}: org/springframework/security/config/annotation/web/configuration/WebSecurityConfigurerAdapterCustomizer> (0x00000007040a91b0) 
thrown [e:\jenkins\tmp\workspace\build\src\src\hotspot\share\classfile\systemDictionary.cpp, line 256]
Event: 403.225 Thread 0x0000016490872c60 Exception <a 'java/lang/ClassNotFoundException'{0x00000007040b9250}: com/sidet/idat/ws/medisalud/config/SpringSecurityConfigCustomizer> (0x00000007040b9250) 
thrown [e:\jenkins\tmp\workspace\build\src\src\hotspot\share\classfile\systemDictionary.cpp, line 256]
Event: 403.225 Thread 0x0000016490872c60 Exception <a 'java/lang/ClassNotFoundException'{0x00000007040c3530}: com/sidet/idat/ws/medisalud/config/SpringSecurityConfig$$EnhancerBySpringCGLIB$$b6926a96Customizer> (0x00000007040c3530) 
thrown [e:\jenkins\tmp\workspace\build\src\src\hotspot\share\classfile\systemDictionary.cpp, line 256]
Event: 403.226 Thread 0x0000016490872c60 Exception <a 'java/lang/ClassNotFoundException'{0x00000007040d7ba0}: org/springframework/context/annotation/ConfigurationClassEnhancer$EnhancedConfigurationCustomizer> (0x00000007040d7ba0) 
thrown [e:\jenkins\tmp\workspace\build\src\src\hotspot\share\classfile\systemDictionary.cpp, line 256]
Event: 403.227 Thread 0x0000016490872c60 Exception <a 'java/lang/ClassNotFoundException'{0x00000007040dc838}: org/springframework/beans/factory/BeanFactoryAwareCustomizer> (0x00000007040dc838) 
thrown [e:\jenkins\tmp\workspace\build\src\src\hotspot\share\classfile\systemDictionary.cpp, line 256]
Event: 403.227 Thread 0x0000016490872c60 Exception <a 'java/lang/ClassNotFoundException'{0x00000007040e29d8}: org/springframework/beans/factory/AwareCustomizer> (0x00000007040e29d8) 
thrown [e:\jenkins\tmp\workspace\build\src\src\hotspot\share\classfile\systemDictionary.cpp, line 256]
Event: 403.227 Thread 0x0000016490872c60 Exception <a 'java/lang/ClassNotFoundException'{0x00000007040e7c50}: org/springframework/security/config/annotation/web/WebSecurityConfigurerCustomizer> (0x00000007040e7c50) 
thrown [e:\jenkins\tmp\workspace\build\src\src\hotspot\share\classfile\systemDictionary.cpp, line 256]
Event: 403.228 Thread 0x0000016490872c60 Exception <a 'java/lang/ClassNotFoundException'{0x00000007040ece58}: org/springframework/security/config/annotation/SecurityConfigurerCustomizer> (0x00000007040ece58) 
thrown [e:\jenkins\tmp\workspace\build\src\src\hotspot\share\classfile\systemDictionary.cpp, line 256]

VM Operations (20 events):
Event: 403.460 Executing VM operation: ChangeBreakpoints
Event: 403.461 Executing VM operation: ChangeBreakpoints done
Event: 403.555 Executing VM operation: ICBufferFull
Event: 403.555 Executing VM operation: ICBufferFull done
Event: 403.559 Executing VM operation: ICBufferFull
Event: 403.559 Executing VM operation: ICBufferFull done
Event: 403.612 Executing VM operation: G1CollectForAllocation
Event: 403.616 Executing VM operation: G1CollectForAllocation done
Event: 404.616 Executing VM operation: Cleanup
Event: 404.616 Executing VM operation: Cleanup done
Event: 405.616 Executing VM operation: Cleanup
Event: 405.616 Executing VM operation: Cleanup done
Event: 406.617 Executing VM operation: Cleanup
Event: 406.617 Executing VM operation: Cleanup done
Event: 504.036 Executing VM operation: G1CollectForAllocation
Event: 504.040 Executing VM operation: G1CollectForAllocation done
Event: 504.040 Executing VM operation: Cleanup
Event: 504.041 Executing VM operation: Cleanup done
Event: 526.990 Executing VM operation: RedefineClasses
Event: 527.015 Executing VM operation: RedefineClasses done

Events (20 events):
Event: 403.555 Thread 0x0000016490b114b0 Thread added: 0x0000016490b114b0
Event: 403.555 Thread 0x0000016490a04cb0 Thread added: 0x0000016490a04cb0
Event: 403.641 Thread 0x0000016490874470 Thread added: 0x0000016490874470
Event: 403.657 Thread 0x0000016490874940 Thread added: 0x0000016490874940
Event: 403.658 Thread 0x0000016490878300 Thread added: 0x0000016490878300
Event: 403.660 Thread 0x00000164908752e0 Thread added: 0x00000164908752e0
Event: 403.661 Thread 0x00000164908787d0 Thread added: 0x00000164908787d0
Event: 403.760 Thread 0x0000016490872c60 Thread exited: 0x0000016490872c60
Event: 403.760 Thread 0x0000016490876fc0 Thread exited: 0x0000016490876fc0
Event: 403.764 Thread 0x00000164908787d0 Thread exited: 0x00000164908787d0
Event: 403.765 Thread 0x0000016490874e10 Thread added: 0x0000016490874e10
Event: 403.767 Thread 0x0000016490874e10 Thread exited: 0x0000016490874e10
Event: 404.678 Thread 0x00000164908752e0 Thread exited: 0x00000164908752e0
Event: 404.679 Thread 0x0000016490a04cb0 Thread exited: 0x0000016490a04cb0
Event: 404.680 Thread 0x0000016490b114b0 Thread exited: 0x0000016490b114b0
Event: 404.681 Thread 0x0000016490872c60 Thread added: 0x0000016490872c60
Event: 405.698 Thread 0x0000016490872c60 Thread exited: 0x0000016490872c60
Event: 487.049 Thread 0x0000016490872790 Thread exited: 0x0000016490872790
Event: 487.049 Thread 0x0000016490877e30 Thread exited: 0x0000016490877e30
Event: 487.050 Thread 0x0000016490876620 Thread exited: 0x0000016490876620


Dynamic libraries:
0x00007ff683da0000 - 0x00007ff683dae000 	C:\Program Files\sts-4.13.0.RELEASE\plugins\org.eclipse.justj.openjdk.hotspot.jre.full.win32.x86_64_17.0.1.v20211116-1657\jre\bin\javaw.exe
0x00007ffc2ef30000 - 0x00007ffc2f127000 	C:\Windows\SYSTEM32\ntdll.dll
0x00007ffc2e9c0000 - 0x00007ffc2ea7d000 	C:\Windows\System32\KERNEL32.DLL
0x00007ffc2c680000 - 0x00007ffc2c94d000 	C:\Windows\System32\KERNELBASE.dll
0x00007ffc2cb00000 - 0x00007ffc2cc00000 	C:\Windows\System32\ucrtbase.dll
0x00007ffc27ed0000 - 0x00007ffc27ee8000 	C:\Program Files\sts-4.13.0.RELEASE\plugins\org.eclipse.justj.openjdk.hotspot.jre.full.win32.x86_64_17.0.1.v20211116-1657\jre\bin\jli.dll
0x00007ffc2df20000 - 0x00007ffc2e0c0000 	C:\Windows\System32\USER32.dll
0x00007ffc2cde0000 - 0x00007ffc2ce02000 	C:\Windows\System32\win32u.dll
0x00007ffc2ee50000 - 0x00007ffc2ee7a000 	C:\Windows\System32\GDI32.dll
0x00007ffc2ce10000 - 0x00007ffc2cf1b000 	C:\Windows\System32\gdi32full.dll
0x00007ffc2ccb0000 - 0x00007ffc2cd4d000 	C:\Windows\System32\msvcp_win.dll
0x00007ffc19c10000 - 0x00007ffc19c29000 	C:\Program Files\sts-4.13.0.RELEASE\plugins\org.eclipse.justj.openjdk.hotspot.jre.full.win32.x86_64_17.0.1.v20211116-1657\jre\bin\VCRUNTIME140.dll
0x00007ffc18690000 - 0x00007ffc1892a000 	C:\Windows\WinSxS\amd64_microsoft.windows.common-controls_6595b64144ccf1df_6.0.19041.1110_none_60b5254171f9507e\COMCTL32.dll
0x00007ffc2ea80000 - 0x00007ffc2eb1e000 	C:\Windows\System32\msvcrt.dll
0x00007ffc2ee10000 - 0x00007ffc2ee40000 	C:\Windows\System32\IMM32.DLL
0x00007ffc1d680000 - 0x00007ffc1d68c000 	C:\Program Files\sts-4.13.0.RELEASE\plugins\org.eclipse.justj.openjdk.hotspot.jre.full.win32.x86_64_17.0.1.v20211116-1657\jre\bin\vcruntime140_1.dll
0x00007ffc0d820000 - 0x00007ffc0d8b1000 	C:\Program Files\sts-4.13.0.RELEASE\plugins\org.eclipse.justj.openjdk.hotspot.jre.full.win32.x86_64_17.0.1.v20211116-1657\jre\bin\msvcp140.dll
0x00007ffbcac50000 - 0x00007ffbcb896000 	C:\Program Files\sts-4.13.0.RELEASE\plugins\org.eclipse.justj.openjdk.hotspot.jre.full.win32.x86_64_17.0.1.v20211116-1657\jre\bin\server\jvm.dll
0x00007ffc2dc00000 - 0x00007ffc2dcae000 	C:\Windows\System32\ADVAPI32.dll
0x00007ffc2cf90000 - 0x00007ffc2d02c000 	C:\Windows\System32\sechost.dll
0x00007ffc2dde0000 - 0x00007ffc2df05000 	C:\Windows\System32\RPCRT4.dll
0x00007ffc2ee40000 - 0x00007ffc2ee48000 	C:\Windows\System32\PSAPI.DLL
0x00007ffc28370000 - 0x00007ffc28379000 	C:\Windows\SYSTEM32\WSOCK32.dll
0x00007ffc08ea0000 - 0x00007ffc08ec7000 	C:\Windows\SYSTEM32\WINMM.dll
0x00007ffc2ee80000 - 0x00007ffc2eeeb000 	C:\Windows\System32\WS2_32.dll
0x00007ffc26c00000 - 0x00007ffc26c0a000 	C:\Windows\SYSTEM32\VERSION.dll
0x00007ffc2a570000 - 0x00007ffc2a582000 	C:\Windows\SYSTEM32\kernel.appcore.dll
0x00007ffc28360000 - 0x00007ffc2836a000 	C:\Program Files\sts-4.13.0.RELEASE\plugins\org.eclipse.justj.openjdk.hotspot.jre.full.win32.x86_64_17.0.1.v20211116-1657\jre\bin\jimage.dll
0x00007ffc1b520000 - 0x00007ffc1b704000 	C:\Windows\SYSTEM32\DBGHELP.DLL
0x00007ffc1b4c0000 - 0x00007ffc1b4ec000 	C:\Windows\SYSTEM32\dbgcore.DLL
0x00007ffc2cd50000 - 0x00007ffc2cdd2000 	C:\Windows\System32\bcryptPrimitives.dll
0x00007ffc141e0000 - 0x00007ffc1421b000 	C:\Program Files\sts-4.13.0.RELEASE\plugins\org.eclipse.justj.openjdk.hotspot.jre.full.win32.x86_64_17.0.1.v20211116-1657\jre\bin\jdwp.dll
0x00007ffc28350000 - 0x00007ffc2835e000 	C:\Program Files\sts-4.13.0.RELEASE\plugins\org.eclipse.justj.openjdk.hotspot.jre.full.win32.x86_64_17.0.1.v20211116-1657\jre\bin\instrument.dll
0x00007ffc1d7f0000 - 0x00007ffc1d815000 	C:\Program Files\sts-4.13.0.RELEASE\plugins\org.eclipse.justj.openjdk.hotspot.jre.full.win32.x86_64_17.0.1.v20211116-1657\jre\bin\java.dll
0x00007ffc27210000 - 0x00007ffc27228000 	C:\Program Files\sts-4.13.0.RELEASE\plugins\org.eclipse.justj.openjdk.hotspot.jre.full.win32.x86_64_17.0.1.v20211116-1657\jre\bin\zip.dll
0x00007ffc2d270000 - 0x00007ffc2d9b4000 	C:\Windows\System32\SHELL32.dll
0x00007ffc2a770000 - 0x00007ffc2af04000 	C:\Windows\SYSTEM32\windows.storage.dll
0x00007ffc2e0c0000 - 0x00007ffc2e414000 	C:\Windows\System32\combase.dll
0x00007ffc2c0b0000 - 0x00007ffc2c0dc000 	C:\Windows\SYSTEM32\Wldp.dll
0x00007ffc2db50000 - 0x00007ffc2dbfd000 	C:\Windows\System32\SHCORE.dll
0x00007ffc2d210000 - 0x00007ffc2d265000 	C:\Windows\System32\shlwapi.dll
0x00007ffc2c590000 - 0x00007ffc2c5af000 	C:\Windows\SYSTEM32\profapi.dll
0x00007ffc141d0000 - 0x00007ffc141dc000 	C:\Program Files\sts-4.13.0.RELEASE\plugins\org.eclipse.justj.openjdk.hotspot.jre.full.win32.x86_64_17.0.1.v20211116-1657\jre\bin\dt_socket.dll
0x00007ffc2bab0000 - 0x00007ffc2baeb000 	C:\Windows\SYSTEM32\IPHLPAPI.DLL
0x00007ffc2be10000 - 0x00007ffc2be7a000 	C:\Windows\system32\mswsock.dll
0x00007ffc2bb00000 - 0x00007ffc2bbcb000 	C:\Windows\SYSTEM32\DNSAPI.dll
0x00007ffc2d200000 - 0x00007ffc2d208000 	C:\Windows\System32\NSI.dll
0x00007ffc1d040000 - 0x00007ffc1d04a000 	C:\Windows\System32\rasadhlp.dll
0x00007ffc1d300000 - 0x00007ffc1d380000 	C:\Windows\System32\fwpuclnt.dll
0x00007ffc2c650000 - 0x00007ffc2c677000 	C:\Windows\System32\bcrypt.dll
0x00007ffc1d7d0000 - 0x00007ffc1d7e9000 	C:\Program Files\sts-4.13.0.RELEASE\plugins\org.eclipse.justj.openjdk.hotspot.jre.full.win32.x86_64_17.0.1.v20211116-1657\jre\bin\net.dll
0x00007ffc1d500000 - 0x00007ffc1d60a000 	C:\Windows\SYSTEM32\WINHTTP.dll
0x00007ffc1d7b0000 - 0x00007ffc1d7c5000 	C:\Program Files\sts-4.13.0.RELEASE\plugins\org.eclipse.justj.openjdk.hotspot.jre.full.win32.x86_64_17.0.1.v20211116-1657\jre\bin\nio.dll
0x00007ffc19720000 - 0x00007ffc19729000 	C:\Program Files\sts-4.13.0.RELEASE\plugins\org.eclipse.justj.openjdk.hotspot.jre.full.win32.x86_64_17.0.1.v20211116-1657\jre\bin\management.dll
0x00007ffc14f00000 - 0x00007ffc14f0b000 	C:\Program Files\sts-4.13.0.RELEASE\plugins\org.eclipse.justj.openjdk.hotspot.jre.full.win32.x86_64_17.0.1.v20211116-1657\jre\bin\management_ext.dll
0x00007ffc15870000 - 0x00007ffc15887000 	C:\Windows\system32\napinsp.dll
0x00007ffc15850000 - 0x00007ffc1586b000 	C:\Windows\system32\pnrpnsp.dll
0x00007ffc149d0000 - 0x00007ffc149e5000 	C:\Windows\system32\wshbth.dll
0x00007ffc28320000 - 0x00007ffc2833d000 	C:\Windows\system32\NLAapi.dll
0x00007ffc149b0000 - 0x00007ffc149c2000 	C:\Windows\System32\winrnr.dll
0x00007ffc2c000000 - 0x00007ffc2c018000 	C:\Windows\SYSTEM32\CRYPTSP.dll
0x00007ffc2b720000 - 0x00007ffc2b754000 	C:\Windows\system32\rsaenh.dll
0x00007ffc2c550000 - 0x00007ffc2c57e000 	C:\Windows\SYSTEM32\USERENV.dll
0x00007ffc2c020000 - 0x00007ffc2c02c000 	C:\Windows\SYSTEM32\CRYPTBASE.dll
0x00007ffc251d0000 - 0x00007ffc251e7000 	C:\Windows\SYSTEM32\dhcpcsvc6.DLL
0x00007ffc24ab0000 - 0x00007ffc24acd000 	C:\Windows\SYSTEM32\dhcpcsvc.DLL
0x00007ffc27ec0000 - 0x00007ffc27ed0000 	C:\Program Files\sts-4.13.0.RELEASE\plugins\org.eclipse.justj.openjdk.hotspot.jre.full.win32.x86_64_17.0.1.v20211116-1657\jre\bin\verify.dll
0x00007ffc1d670000 - 0x00007ffc1d67e000 	C:\Program Files\sts-4.13.0.RELEASE\plugins\org.eclipse.justj.openjdk.hotspot.jre.full.win32.x86_64_17.0.1.v20211116-1657\jre\bin\sunmscapi.dll
0x00007ffc2c9a0000 - 0x00007ffc2caf6000 	C:\Windows\System32\CRYPT32.dll
0x00007ffc2c120000 - 0x00007ffc2c147000 	C:\Windows\SYSTEM32\ncrypt.dll
0x00007ffc2c0e0000 - 0x00007ffc2c11b000 	C:\Windows\SYSTEM32\NTASN1.dll
0x00007ffc141c0000 - 0x00007ffc141c7000 	C:\Windows\system32\wshunix.dll

dbghelp: loaded successfully - version: 4.0.5 - missing functions: none
symbol engine: initialized successfully - sym options: 0x614 - pdb path: .;C:\Program Files\sts-4.13.0.RELEASE\plugins\org.eclipse.justj.openjdk.hotspot.jre.full.win32.x86_64_17.0.1.v20211116-1657\jre\bin;C:\Windows\SYSTEM32;C:\Windows\WinSxS\amd64_microsoft.windows.common-controls_6595b64144ccf1df_6.0.19041.1110_none_60b5254171f9507e;C:\Program Files\sts-4.13.0.RELEASE\plugins\org.eclipse.justj.openjdk.hotspot.jre.full.win32.x86_64_17.0.1.v20211116-1657\jre\bin\server

VM Arguments:
jvm_args: -XX:+ShowCodeDetailsInExceptionMessages -agentlib:jdwp=transport=dt_socket,suspend=y,address=localhost:52371 -Dcom.sun.management.jmxremote -Dcom.sun.management.jmxremote.port=52370 -Dcom.sun.management.jmxremote.authenticate=false -Dcom.sun.management.jmxremote.ssl=false -Djava.rmi.server.hostname=localhost -Dspring.jmx.enabled=true -Dspring.application.admin.enabled=true -XX:TieredStopAtLevel=1 -Dspring.boot.project.name=ws-medisalud -javaagent:C:\Program Files\sts-4.13.0.RELEASE\configuration\org.eclipse.osgi\262\0\.cp\lib\javaagent-shaded.jar -Dfile.encoding=UTF-8 
java_command: com.sidet.idat.ws.medisalud.WsMedisaludApplication --spring.output.ansi.enabled=always
java_class_path (initial): D:\PROYECTO_MEDISALUD\BACKEND\target\classes;C:\Users\Stefany\.m2\repository\org\springframework\boot\spring-boot-starter-web\2.6.0\spring-boot-starter-web-2.6.0.jar;C:\Users\Stefany\.m2\repository\org\springframework\boot\spring-boot-starter\2.6.0\spring-boot-starter-2.6.0.jar;C:\Users\Stefany\.m2\repository\org\springframework\boot\spring-boot-starter-logging\2.6.0\spring-boot-starter-logging-2.6.0.jar;C:\Users\Stefany\.m2\repository\ch\qos\logback\logback-classic\1.2.7\logback-classic-1.2.7.jar;C:\Users\Stefany\.m2\repository\ch\qos\logback\logback-core\1.2.7\logback-core-1.2.7.jar;C:\Users\Stefany\.m2\repository\org\apache\logging\log4j\log4j-to-slf4j\2.14.1\log4j-to-slf4j-2.14.1.jar;C:\Users\Stefany\.m2\repository\org\apache\logging\log4j\log4j-api\2.14.1\log4j-api-2.14.1.jar;C:\Users\Stefany\.m2\repository\org\slf4j\jul-to-slf4j\1.7.32\jul-to-slf4j-1.7.32.jar;C:\Users\Stefany\.m2\repository\jakarta\annotation\jakarta.annotation-api\1.3.5\jakarta.annotation-api-1.3.5.jar;C:\Users\Stefany\.m2\repository\org\yaml\snakeyaml\1.29\snakeyaml-1.29.jar;C:\Users\Stefany\.m2\repository\org\springframework\boot\spring-boot-starter-json\2.6.0\spring-boot-starter-json-2.6.0.jar;C:\Users\Stefany\.m2\repository\com\fasterxml\jackson\datatype\jackson-datatype-jdk8\2.13.0\jackson-datatype-jdk8-2.13.0.jar;C:\Users\Stefany\.m2\repository\com\fasterxml\jackson\datatype\jackson-datatype-jsr310\2.13.0\jackson-datatype-jsr310-2.13.0.jar;C:\Users\Stefany\.m2\repository\com\fasterxml\jackson\module\jackson-module-parameter-names\2.13.0\jackson-module-parameter-names-2.13.0.jar;C:\Users\Stefany\.m2\repository\org\springframework\boot\spring-boot-starter-tomcat\2.6.0\spring-boot-starter-tomcat-2.6.0.jar;C:\Users\Stefany\.m2\repository\org\apache\tomcat\embed\tomcat-embed-core\9.0.55\tomcat-embed-core-9.0.55.jar;C:\Users\Stefany\.m2\repository\org\apache\tomcat\embed\tomcat-embed-el\9.0.55\tomcat-embed-el-9.0.55.jar;C:\Users\Stefany\.m2\repository\org\apache\t
Launcher Type: SUN_STANDARD

[Global flags]
     intx CICompilerCount                          = 3                                         {product} {ergonomic}
     uint ConcGCThreads                            = 1                                         {product} {ergonomic}
     uint G1ConcRefinementThreads                  = 4                                         {product} {ergonomic}
   size_t G1HeapRegionSize                         = 2097152                                   {product} {ergonomic}
    uintx GCDrainStackTargetSize                   = 64                                        {product} {ergonomic}
   size_t InitialHeapSize                          = 268435456                                 {product} {ergonomic}
     bool ManagementServer                         = true                                      {product} {command line}
   size_t MarkStackSize                            = 4194304                                   {product} {ergonomic}
   size_t MaxHeapSize                              = 4273995776                                {product} {ergonomic}
   size_t MaxNewSize                               = 2562719744                                {product} {ergonomic}
   size_t MinHeapDeltaBytes                        = 2097152                                   {product} {ergonomic}
   size_t MinHeapSize                              = 8388608                                   {product} {ergonomic}
    uintx NonProfiledCodeHeapSize                  = 0                                      {pd product} {ergonomic}
     bool ProfileInterpreter                       = false                                  {pd product} {command line}
    uintx ProfiledCodeHeapSize                     = 0                                      {pd product} {ergonomic}
     bool ShowCodeDetailsInExceptionMessages       = true                                   {manageable} {command line}
   size_t SoftMaxHeapSize                          = 4273995776                             {manageable} {ergonomic}
     intx TieredStopAtLevel                        = 1                                         {product} {command line}
     bool UseCompressedClassPointers               = true                           {product lp64_product} {ergonomic}
     bool UseCompressedOops                        = true                           {product lp64_product} {ergonomic}
     bool UseG1GC                                  = true                                      {product} {ergonomic}
     bool UseLargePagesIndividualAllocation        = false                                  {pd product} {ergonomic}

Logging:
Log output configuration:
 #0: stdout all=warning uptime,level,tags
 #1: stderr all=off uptime,level,tags

Environment Variables:
JAVA_HOME=C:\Program Files\Eclipse Adoptium\jdk-11.0.13.8-hotspot
PATH=C:\Program Files\sts-4.13.0.RELEASE\plugins\org.eclipse.justj.openjdk.hotspot.jre.full.win32.x86_64_17.0.1.v20211116-1657\jre\bin;C:/Program Files/sts-4.13.0.RELEASE//plugins/org.eclipse.justj.openjdk.hotspot.jre.full.win32.x86_64_17.0.1.v20211116-1657/jre/bin/server;C:/Program Files/sts-4.13.0.RELEASE//plugins/org.eclipse.justj.openjdk.hotspot.jre.full.win32.x86_64_17.0.1.v20211116-1657/jre/bin;C:\Program Files\Eclipse Adoptium\jdk-11.0.13.8-hotspot\bin;C:\Windows\system32;C:\Windows;C:\Windows\System32\Wbem;C:\Windows\System32\WindowsPowerShell\v1.0\;C:\Windows\System32\OpenSSH\;C:\Program Files\Git\cmd;C:\Program Files\apache-maven-3.8.4\bin;C:\Program Files\nodejs\;C:\Users\Stefany\AppData\Local\Microsoft\WindowsApps;;C:\Program Files\Azure Data Studio\bin;C:\Users\Stefany\AppData\Roaming\npm;C:\Users\Stefany\AppData\Local\Programs\Microsoft VS Code\bin;C:\Program Files\sts-4.13.0.RELEASE;
USERNAME=Stefany
OS=Windows_NT
PROCESSOR_IDENTIFIER=Intel64 Family 6 Model 158 Stepping 9, GenuineIntel



---------------  S Y S T E M  ---------------

OS:
 Windows 10 , 64 bit Build 19041 (10.0.19041.1741)
OS uptime: 0 days 4:09 hours

CPU: total 4 (initial active 4) (4 cores per cpu, 1 threads per core) family 6 model 158 stepping 9 microcode 0xb4, cx8, cmov, fxsr, mmx, 3dnowpref, sse, sse2, sse3, ssse3, sse4.1, sse4.2, popcnt, lzcnt, tsc, tscinvbit, avx, avx2, aes, erms, clmul, bmi1, bmi2, adx, fma, vzeroupper, clflush, clflushopt

Memory: 4k page, system-wide physical 16298M (7102M free)
TotalPageFile size 18730M (AvailPageFile size 6857M)
current process WorkingSet (physical memory assigned to process): 226M, peak: 252M
current process commit charge ("private bytes"): 248M, peak: 357M

vm_info: OpenJDK 64-Bit Server VM (17.0.1+12) for windows-amd64 JRE (17.0.1+12), built on Oct 20 2021 07:42:55 by "" with MS VC++ 16.7 (VS2019)

END.
